<?xml version="1.0" encoding="UTF-8" ?>
<testsuite errors="0" failures="0" hostname="kristjan-xp" name="core.interfaces.ComputeManagerTest" tests="8" time="0.203" timestamp="2011-11-13T14:52:54">
  <properties>
    <property name="java.vendor" value="Sun Microsystems Inc." />
    <property name="libs" value="c:\Documents and Settings\Kristjan\Projects\OpenNode_Android\unit\libs" />
    <property name="emma" value="c:\Documents and Settings\Kristjan\Projects\OpenNode_Android\unit/libs/emma" />
    <property name="sun.java.launcher" value="SUN_STANDARD" />
    <property name="sun.management.compiler" value="HotSpot Client Compiler" />
    <property name="instr" value="c:\Documents and Settings\Kristjan\Projects\OpenNode_Android\unit\instr" />
    <property name="os.name" value="Windows XP" />
    <property name="sun.boot.class.path" value="C:\Program Files\Java\jre6\lib\resources.jar;C:\Program Files\Java\jre6\lib\rt.jar;C:\Program Files\Java\jre6\lib\sunrsasign.jar;C:\Program Files\Java\jre6\lib\jsse.jar;C:\Program Files\Java\jre6\lib\jce.jar;C:\Program Files\Java\jre6\lib\charsets.jar;C:\Program Files\Java\jre6\lib\modules\jdk.boot.jar;C:\Program Files\Java\jre6\classes" />
    <property name="core" value="c:\Documents and Settings\Kristjan\Projects\OpenNode_Android\src\core" />
    <property name="out.instr.dir" value="c:\Documents and Settings\Kristjan\Projects\OpenNode_Android\unit\instr" />
    <property name="sun.desktop" value="windows" />
    <property name="java.vm.specification.vendor" value="Sun Microsystems Inc." />
    <property name="ant.home" value="c:/Documents and Settings/Kristjan/Desktop/Kristjan/Java/apache-ant-1.8.2" />
    <property name="java.runtime.version" value="1.6.0_29-b11" />
    <property name="user.name" value="Kristjan" />
    <property name="reports" value="c:\Documents and Settings\Kristjan\Projects\OpenNode_Android\unit\reports" />
    <property name="ant.file.type.OpenNode_Android_Unit" value="file" />
    <property name="user.language" value="et" />
    <property name="origsrc" value="c:\Documents and Settings\Kristjan\Projects\OpenNode_Android\src" />
    <property name="build" value="c:\Documents and Settings\Kristjan\Projects\OpenNode_Android\unit\build" />
    <property name="sun.boot.library.path" value="C:\Program Files\Java\jre6\bin" />
    <property name="ant.project.default-target" value="compile" />
    <property name="ant.project.name" value="OpenNode_Android_Unit" />
    <property name="java.version" value="1.6.0_29" />
    <property name="user.timezone" value="" />
    <property name="bin" value="c:\Documents and Settings\Kristjan\Projects\OpenNode_Android\unit/bin" />
    <property name="sun.arch.data.model" value="32" />
    <property name="emma.coverage.out.file" value="c:\Documents and Settings\Kristjan\Projects\OpenNode_Android\unit\reports\coverage/coverage.emma" />
    <property name="java.endorsed.dirs" value="C:\Program Files\Java\jre6\lib\endorsed" />
    <property name="sun.cpu.isalist" value="pentium_pro+mmx pentium_pro pentium+mmx pentium i486 i386 i86" />
    <property name="sun.jnu.encoding" value="Cp1252" />
    <property name="file.encoding.pkg" value="sun.io" />
    <property name="file.separator" value="\" />
    <property name="java.specification.name" value="Java Platform API Specification" />
    <property name="java.class.version" value="50.0" />
    <property name="src" value="c:\Documents and Settings\Kristjan\Projects\OpenNode_Android\unit\src" />
    <property name="user.country" value="EE" />
    <property name="java.home" value="C:\Program Files\Java\jre6" />
    <property name="java.vm.info" value="mixed mode, sharing" />
    <property name="ant.file" value="c:\Documents and Settings\Kristjan\Projects\OpenNode_Android\unit\build.xml" />
    <property name="os.version" value="5.1" />
    <property name="path.separator" value=";" />
    <property name="java.vm.version" value="20.4-b02" />
    <property name="user.variant" value="" />
    <property name="ant.library.dir" value="c:/Documents and Settings/Kristjan/Desktop/Kristjan/Java/apache-ant-1.8.2/lib" />
    <property name="coverage" value="c:\Documents and Settings\Kristjan\Projects\OpenNode_Android\unit\reports\coverage" />
    <property name="java.awt.printerjob" value="sun.awt.windows.WPrinterJob" />
    <property name="sun.io.unicode.encoding" value="UnicodeLittle" />
    <property name="awt.toolkit" value="sun.awt.windows.WToolkit" />
    <property name="user.home" value="C:\Documents and Settings\Kristjan" />
    <property name="java.specification.vendor" value="Sun Microsystems Inc." />
    <property name="java.library.path" value="C:\Program Files\Java\jre6\bin;C:\WINDOWS\Sun\Java\bin;C:\WINDOWS\system32;C:\WINDOWS;c:\Documents and Settings\Kristjan\bin;.;C:\Program Files\Git\local\bin;C:\Program Files\Git\mingw\bin;C:\Program Files\Git\bin;c:\WINDOWS\system32;c:\WINDOWS;c:\WINDOWS\System32\Wbem;c:\Python27;c:\Program Files\Java\jdk1.6.0_29\bin;c:\Documents and Settings\Kristjan\Desktop\Kristjan\Java\apache-ant-1.8.2\bin;.;." />
    <property name="java.vendor.url" value="http://java.sun.com/" />
    <property name="java.vm.vendor" value="Sun Microsystems Inc." />
    <property name="java.runtime.name" value="Java(TM) SE Runtime Environment" />
    <property name="sun.java.command" value="org.apache.tools.ant.taskdefs.optional.junit.JUnitTestRunner core.interfaces.ComputeManagerTest filtertrace=true haltOnError=false haltOnFailure=false formatter=org.apache.tools.ant.taskdefs.optional.junit.SummaryJUnitResultFormatter showoutput=false outputtoformatters=true logfailedtests=true logtestlistenerevents=false formatter=org.apache.tools.ant.taskdefs.optional.junit.PlainJUnitResultFormatter,c:\Documents and Settings\Kristjan\Projects\OpenNode_Android\unit\reports\TEST-core.interfaces.ComputeManagerTest.txt formatter=org.apache.tools.ant.taskdefs.optional.junit.XMLJUnitResultFormatter,c:\Documents and Settings\Kristjan\Projects\OpenNode_Android\unit\reports\TEST-core.interfaces.ComputeManagerTest.xml crashfile=c:\Documents and Settings\Kristjan\Projects\OpenNode_Android\unit\junitvmwatcher1216538309625910813.properties propsfile=c:\Documents and Settings\Kristjan\Projects\OpenNode_Android\unit\junit2360352910027643980.properties" />
    <property name="java.class.path" value="c:\Documents and Settings\Kristjan\Projects\OpenNode_Android\unit\instr;c:\Documents and Settings\Kristjan\Projects\OpenNode_Android\unit\libs\json_parser.jar;c:\Documents and Settings\Kristjan\Projects\OpenNode_Android\unit\build;c:\Documents and Settings\Kristjan\Projects\OpenNode_Android\unit\libs\junit\junit-4.10.jar;c:\Documents and Settings\Kristjan\Projects\OpenNode_Android\unit\libs\emma\emma.jar;C:\Documents and Settings\Kristjan\Desktop\Kristjan\Java\apache-ant-1.8.2\lib\ant-launcher.jar;c:\Documents and Settings\Kristjan\Desktop\Kristjan\Java\apache-ant-1.8.2\lib\ant.jar;c:\Documents and Settings\Kristjan\Desktop\Kristjan\Java\apache-ant-1.8.2\lib\ant-junit.jar;c:\Documents and Settings\Kristjan\Desktop\Kristjan\Java\apache-ant-1.8.2\lib\ant-junit4.jar" />
    <property name="ant.version" value="Apache Ant(TM) version 1.8.2 compiled on December 20 2010" />
    <property name="java.vm.specification.name" value="Java Virtual Machine Specification" />
    <property name="ant.file.type" value="file" />
    <property name="java.vm.specification.version" value="1.0" />
    <property name="sun.cpu.endian" value="little" />
    <property name="sun.os.patch.level" value="Service Pack 3" />
    <property name="java.io.tmpdir" value="C:\DOCUME~1\Kristjan\LOCALS~1\Temp\" />
    <property name="java.vendor.url.bug" value="http://java.sun.com/cgi-bin/bugreport.cgi" />
    <property name="os.arch" value="x86" />
    <property name="java.awt.graphicsenv" value="sun.awt.Win32GraphicsEnvironment" />
    <property name="java.ext.dirs" value="C:\Program Files\Java\jre6\lib\ext;C:\WINDOWS\Sun\Java\lib\ext" />
    <property name="user.dir" value="c:\Documents and Settings\Kristjan\Projects\OpenNode_Android\unit" />
    <property name="emma.coverage.out.merge" value="true" />
    <property name="line.separator" value="&#xd;&#xa;" />
    <property name="java.vm.name" value="Java HotSpot(TM) Client VM" />
    <property name="basedir" value="c:\Documents and Settings\Kristjan\Projects\OpenNode_Android\unit" />
    <property name="ant.java.version" value="1.6" />
    <property name="ant.core.lib" value="c:\Documents and Settings\Kristjan\Desktop\Kristjan\Java\apache-ant-1.8.2\lib\ant.jar" />
    <property name="emma.enabled" value="true" />
    <property name="file.encoding" value="Cp1257" />
    <property name="ant.file.OpenNode_Android_Unit" value="c:\Documents and Settings\Kristjan\Projects\OpenNode_Android\unit\build.xml" />
    <property name="external" value="c:\Documents and Settings\Kristjan\Projects\OpenNode_Android\src\external" />
    <property name="java.specification.version" value="1.6" />
    <property name="ant.project.invoked-targets" value="with.emma,test,report.html" />
  </properties>
  <testcase classname="core.interfaces.ComputeManagerTest" name="testComputeManager" time="0.063" />
  <testcase classname="core.interfaces.ComputeManagerTest" name="testNegativeIndexItem" time="0.015" />
  <testcase classname="core.interfaces.ComputeManagerTest" name="testCount" time="0.016" />
  <testcase classname="core.interfaces.ComputeManagerTest" name="testDetails" time="0.016" />
  <testcase classname="core.interfaces.ComputeManagerTest" name="testWithNullString" time="0.0" />
  <testcase classname="core.interfaces.ComputeManagerTest" name="testCreateEmptyItem" time="0.015" />
  <testcase classname="core.interfaces.ComputeManagerTest" name="testCreateItem" time="0.031" />
  <testcase classname="core.interfaces.ComputeManagerTest" name="testDelete" time="0.0" />
  <system-out><![CDATA[EMMA: collecting runtime coverage data ...
]]></system-out>
  <system-err><![CDATA[]]></system-err>
</testsuite>
